<?xml version="1.0" encoding="UTF-8"?>
<!-- Generated by org.testng.reporters.JUnitReportReporter -->
<testsuite skipped="0" hostname="192.168.1.104" name="runners.PositiveTest" tests="1" failures="0" timestamp="2022-11-28T19:56:48 GMT" time="20.867" errors="0">
  <testcase name="runScenario" time="20.867" classname="runners.PositiveTest"/>
  <system-out/>
</testsuite> <!-- runners.PositiveTest -->
